2024-03-26 10:19:22,936 ERROR: Exception on /auth/reset_password_request [POST] [in c:\Users\james\OneDrive\Desktop\project1\.venv\Lib\site-packages\flask\app.py:828]
Traceback (most recent call last):
  File "c:\Users\james\OneDrive\Desktop\project1\.venv\Lib\site-packages\flask\app.py", line 1463, in wsgi_app
    response = self.full_dispatch_request()
               ^^^^^^^^^^^^^^^^^^^^^^^^^^^^
  File "c:\Users\james\OneDrive\Desktop\project1\.venv\Lib\site-packages\flask\app.py", line 872, in full_dispatch_request
    rv = self.handle_user_exception(e)
         ^^^^^^^^^^^^^^^^^^^^^^^^^^^^^
  File "c:\Users\james\OneDrive\Desktop\project1\.venv\Lib\site-packages\flask\app.py", line 870, in full_dispatch_request
    rv = self.dispatch_request()
         ^^^^^^^^^^^^^^^^^^^^^^^
  File "c:\Users\james\OneDrive\Desktop\project1\.venv\Lib\site-packages\flask\app.py", line 855, in dispatch_request
    return self.ensure_sync(self.view_functions[rule.endpoint])(**view_args)  # type: ignore[no-any-return]
           ^^^^^^^^^^^^^^^^^^^^^^^^^^^^^^^^^^^^^^^^^^^^^^^^^^^^^^^^^^^^^^^^^
  File "C:\Users\james\OneDrive\Desktop\project1\app\auth\routes.py", line 64, in reset_password_request
    send_password_reset_email(user)
  File "C:\Users\james\OneDrive\Desktop\project1\app\auth\email.py", line 13, in send_password_reset_email
    html_body=render_template('email/reset_password.html',
              ^^^^^^^^^^^^^^^^^^^^^^^^^^^^^^^^^^^^^^^^^^^^
  File "c:\Users\james\OneDrive\Desktop\project1\.venv\Lib\site-packages\flask\templating.py", line 150, in render_template
    return _render(app, template, context)
           ^^^^^^^^^^^^^^^^^^^^^^^^^^^^^^^
  File "c:\Users\james\OneDrive\Desktop\project1\.venv\Lib\site-packages\flask\templating.py", line 131, in _render
    rv = template.render(context)
         ^^^^^^^^^^^^^^^^^^^^^^^^
  File "c:\Users\james\OneDrive\Desktop\project1\.venv\Lib\site-packages\jinja2\environment.py", line 1301, in render
    self.environment.handle_exception()
  File "c:\Users\james\OneDrive\Desktop\project1\.venv\Lib\site-packages\jinja2\environment.py", line 936, in handle_exception
    raise rewrite_traceback_stack(source=source)
  File "C:\Users\james\OneDrive\Desktop\project1\app\templates\email\reset_password.html", line 2, in top-level template code
    {% import "bootstrap_wtf.html" as wtf %}
    ^^^^^^^^^^^^^^^^^^^^^^^^^
  File "C:\Users\james\OneDrive\Desktop\project1\app\templates\base.html", line 88, in top-level template code
    {% block content %}{% endblock %}
    ^^^^^^^^^^^^^^^^^^^^^^^^^
  File "C:\Users\james\OneDrive\Desktop\project1\app\templates\email\reset_password.html", line 6, in block 'content'
    {{ wtf.quick_form(form) }}
    ^^^^^^^^^^^^^^^^^^^^^^^^^
  File "c:\Users\james\OneDrive\Desktop\project1\.venv\Lib\site-packages\jinja2\runtime.py", line 777, in _invoke
    rv = self._func(*arguments)
         ^^^^^^^^^^^^^^^^^^^^^^
  File "C:\Users\james\OneDrive\Desktop\project1\app\templates\bootstrap_wtf.html", line 53, in template
    {{ form.hidden_tag() }}
  File "c:\Users\james\OneDrive\Desktop\project1\.venv\Lib\site-packages\jinja2\environment.py", line 485, in getattr
    return getattr(obj, attribute)
           ^^^^^^^^^^^^^^^^^^^^^^^
jinja2.exceptions.UndefinedError: 'form' is undefined
2024-03-26 10:24:08,712 INFO: Microblog startup [in c:\Users\james\OneDrive\Desktop\project1\app\__init__.py:89]
2024-03-26 10:24:12,546 INFO: Microblog startup [in c:\Users\james\OneDrive\Desktop\project1\app\__init__.py:89]
2024-04-01 14:55:35,411 INFO: Microblog startup [in C:\Users\james\OneDrive\Desktop\project1\app\__init__.py:95]
2024-04-03 19:33:26,932 INFO: Microblog startup [in C:\Users\james\OneDrive\Desktop\project1\app\__init__.py:95]
2024-04-03 21:59:34,735 INFO: Microblog startup [in C:\Users\james\OneDrive\Desktop\project1\app\__init__.py:95]
2024-04-11 14:17:46,454 INFO: Microblog startup [in c:\Users\james\OneDrive\Desktop\project1\app\__init__.py:95]
2024-04-11 14:18:10,704 INFO: Microblog startup [in c:\Users\james\OneDrive\Desktop\project1\app\__init__.py:95]
2024-04-13 22:57:46,851 INFO: Microblog startup [in C:\Users\james\OneDrive\Desktop\project1\app\__init__.py:95]
2024-04-22 19:59:55,837 INFO: Microblog startup [in c:\Users\james\OneDrive\Desktop\project1\app\__init__.py:95]
2024-04-22 19:59:58,492 INFO: Microblog startup [in c:\Users\james\OneDrive\Desktop\project1\app\__init__.py:95]
2024-04-22 20:04:39,432 INFO: Microblog startup [in c:\Users\james\OneDrive\Desktop\project1\app\__init__.py:95]
2024-04-22 20:04:42,000 INFO: Microblog startup [in c:\Users\james\OneDrive\Desktop\project1\app\__init__.py:95]
2024-04-22 20:15:38,998 INFO: Microblog startup [in c:\Users\james\OneDrive\Desktop\project1\app\__init__.py:95]
2024-04-22 20:17:24,223 INFO: Microblog startup [in c:\Users\james\OneDrive\Desktop\project1\app\__init__.py:95]
2024-04-22 20:17:27,236 INFO: Microblog startup [in c:\Users\james\OneDrive\Desktop\project1\app\__init__.py:95]
2024-04-22 20:21:18,496 INFO: Microblog startup [in C:\Users\james\OneDrive\Desktop\project1\app\__init__.py:95]
2024-04-22 20:22:06,124 INFO: Microblog startup [in C:\Users\james\OneDrive\Desktop\project1\app\__init__.py:95]
2024-04-22 20:23:19,902 INFO: Microblog startup [in C:\Users\james\OneDrive\Desktop\project1\app\__init__.py:95]
2024-04-27 12:22:24,763 INFO: Microblog startup [in C:\Users\james\OneDrive\Desktop\project1\app\__init__.py:95]
2026-02-13 14:10:17,373 INFO: Microblog startup [in C:\Users\Administrator\OneDrive\Desktop\project1\app\__init__.py:95]
2026-02-13 14:10:18,421 INFO: Microblog startup [in C:\Users\Administrator\OneDrive\Desktop\project1\app\__init__.py:95]
2026-02-13 14:21:08,309 INFO: Microblog startup [in C:\Users\Administrator\OneDrive\Desktop\project1\app\__init__.py:95]
2026-02-13 14:21:09,261 INFO: Microblog startup [in C:\Users\Administrator\OneDrive\Desktop\project1\app\__init__.py:95]
2026-02-13 14:24:45,193 INFO: Microblog startup [in C:\Users\Administrator\OneDrive\Desktop\project1\app\__init__.py:95]
2026-02-13 14:24:46,143 INFO: Microblog startup [in C:\Users\Administrator\OneDrive\Desktop\project1\app\__init__.py:95]
2026-02-13 14:54:41,219 INFO: Microblog startup [in C:\Users\Administrator\OneDrive\Desktop\project1\app\__init__.py:95]
2026-02-13 14:54:42,198 INFO: Microblog startup [in C:\Users\Administrator\OneDrive\Desktop\project1\app\__init__.py:95]
2026-02-13 14:59:53,559 INFO: Microblog startup [in C:\Users\Administrator\OneDrive\Desktop\project1\app\__init__.py:95]
2026-02-13 14:59:54,528 INFO: Microblog startup [in C:\Users\Administrator\OneDrive\Desktop\project1\app\__init__.py:95]
2026-02-13 17:04:04,246 INFO: Microblog startup [in C:\Users\Administrator\OneDrive\Desktop\project1\app\__init__.py:95]
2026-02-13 17:04:05,281 INFO: Microblog startup [in C:\Users\Administrator\OneDrive\Desktop\project1\app\__init__.py:95]
2026-02-13 17:17:22,341 INFO: Microblog startup [in C:\Users\Administrator\OneDrive\Desktop\project1\app\__init__.py:95]
2026-02-13 17:17:23,334 INFO: Microblog startup [in C:\Users\Administrator\OneDrive\Desktop\project1\app\__init__.py:95]
2026-02-15 14:53:40,654 INFO: Microblog startup [in C:\Users\Administrator\OneDrive\Desktop\project1\app\__init__.py:95]
2026-02-15 14:53:41,597 INFO: Microblog startup [in C:\Users\Administrator\OneDrive\Desktop\project1\app\__init__.py:95]
2026-02-17 14:50:29,233 INFO: Microblog startup [in C:\Users\Administrator\OneDrive\Desktop\project1\app\__init__.py:95]
2026-02-17 14:50:30,121 INFO: Microblog startup [in C:\Users\Administrator\OneDrive\Desktop\project1\app\__init__.py:95]
2026-02-17 16:34:10,217 INFO: Microblog startup [in C:\Users\Administrator\OneDrive\Desktop\project1\app\__init__.py:95]
2026-02-17 16:34:11,938 INFO: Microblog startup [in C:\Users\Administrator\OneDrive\Desktop\project1\app\__init__.py:95]
2026-02-18 12:52:10,814 INFO: Microblog startup [in C:\Users\Administrator\OneDrive\Documents\GitHub\microblog\app\__init__.py:106]
2026-02-18 12:52:28,218 INFO: Microblog startup [in C:\Users\Administrator\OneDrive\Documents\GitHub\microblog\app\__init__.py:106]
2026-02-18 12:52:57,615 INFO: Microblog startup [in C:\Users\Administrator\OneDrive\Documents\GitHub\microblog\app\__init__.py:106]
2026-02-18 12:54:59,036 INFO: Microblog startup [in C:\Users\Administrator\OneDrive\Documents\GitHub\microblog\app\__init__.py:106]
2026-02-18 12:55:10,526 INFO: Microblog startup [in C:\Users\Administrator\OneDrive\Documents\GitHub\microblog\app\__init__.py:106]
2026-02-18 13:31:27,648 INFO: Microblog startup [in C:\Users\Administrator\OneDrive\Documents\GitHub\microblog\app\__init__.py:106]
2026-02-18 13:31:40,708 INFO: Microblog startup [in C:\Users\Administrator\OneDrive\Documents\GitHub\microblog\app\__init__.py:106]
2026-02-18 13:31:57,185 INFO: Microblog startup [in C:\Users\Administrator\OneDrive\Documents\GitHub\microblog\app\__init__.py:106]
2026-02-18 13:38:52,922 INFO: Microblog startup [in C:\Users\Administrator\OneDrive\Documents\GitHub\microblog\app\__init__.py:106]
2026-02-18 13:39:09,688 INFO: Microblog startup [in C:\Users\Administrator\OneDrive\Documents\GitHub\microblog\app\__init__.py:106]
2026-02-18 13:39:18,475 INFO: Microblog startup [in C:\Users\Administrator\OneDrive\Documents\GitHub\microblog\app\__init__.py:106]
2026-02-18 13:42:23,897 INFO: Microblog startup [in C:\Users\Administrator\OneDrive\Documents\GitHub\microblog\app\__init__.py:106]
